2024/05/10 08:52:27.027481 Plugin para comunicación con impresoras térmicas
Versión: 3.4.0
Proudly brought to you by Parzibyte
No olvides leer mi blog si hay más actualizaciones o cosas interesantes: https://parzibyte.me/blog
2024/05/10 08:52:27.027481 Escuchando en el puerto :8000.
2024/05/10 08:57:37.865091 Error comprobando validez de licencia: el serial es una cadena vacía. Esto no es problema si usted está usando la versión gratuita, pero si cuenta con un serial por favor verifique la documentación en https://parzibyte.me/blog para saber cómo enviar la licencia en la petición
2024/05/10 08:58:00.082508 Error comprobando validez de licencia: el serial es una cadena vacía. Esto no es problema si usted está usando la versión gratuita, pero si cuenta con un serial por favor verifique la documentación en https://parzibyte.me/blog para saber cómo enviar la licencia en la petición
2024/05/10 09:17:49.078196 Error comprobando validez de licencia: el serial es una cadena vacía. Esto no es problema si usted está usando la versión gratuita, pero si cuenta con un serial por favor verifique la documentación en https://parzibyte.me/blog para saber cómo enviar la licencia en la petición
2024/05/10 09:20:13.389799 Error comprobando validez de licencia: el serial es una cadena vacía. Esto no es problema si usted está usando la versión gratuita, pero si cuenta con un serial por favor verifique la documentación en https://parzibyte.me/blog para saber cómo enviar la licencia en la petición
2024/05/10 09:22:49.989067 Error comprobando validez de licencia: el serial es una cadena vacía. Esto no es problema si usted está usando la versión gratuita, pero si cuenta con un serial por favor verifique la documentación en https://parzibyte.me/blog para saber cómo enviar la licencia en la petición
2024/05/10 09:24:23.637350 Error comprobando validez de licencia: el serial es una cadena vacía. Esto no es problema si usted está usando la versión gratuita, pero si cuenta con un serial por favor verifique la documentación en https://parzibyte.me/blog para saber cómo enviar la licencia en la petición
2024/05/10 09:27:10.612778 Error comprobando validez de licencia: el serial es una cadena vacía. Esto no es problema si usted está usando la versión gratuita, pero si cuenta con un serial por favor verifique la documentación en https://parzibyte.me/blog para saber cómo enviar la licencia en la petición
2024/05/10 09:30:58.843952 Error comprobando validez de licencia: el serial es una cadena vacía. Esto no es problema si usted está usando la versión gratuita, pero si cuenta con un serial por favor verifique la documentación en https://parzibyte.me/blog para saber cómo enviar la licencia en la petición
2024/05/10 09:31:32.260088 Error comprobando validez de licencia: el serial es una cadena vacía. Esto no es problema si usted está usando la versión gratuita, pero si cuenta con un serial por favor verifique la documentación en https://parzibyte.me/blog para saber cómo enviar la licencia en la petición
2024/05/10 09:31:52.614829 Error comprobando validez de licencia: el serial es una cadena vacía. Esto no es problema si usted está usando la versión gratuita, pero si cuenta con un serial por favor verifique la documentación en https://parzibyte.me/blog para saber cómo enviar la licencia en la petición
2024/05/10 09:31:55.903464 Error comprobando validez de licencia: el serial es una cadena vacía. Esto no es problema si usted está usando la versión gratuita, pero si cuenta con un serial por favor verifique la documentación en https://parzibyte.me/blog para saber cómo enviar la licencia en la petición
2024/05/15 16:58:41.381006 Plugin para comunicación con impresoras térmicas
Versión: 3.4.0
Proudly brought to you by Parzibyte
No olvides leer mi blog si hay más actualizaciones o cosas interesantes: https://parzibyte.me/blog
2024/05/15 16:58:41.382078 Escuchando en el puerto :8000.
2024/05/15 16:59:23.610543 Error comprobando validez de licencia: el serial es una cadena vacía. Esto no es problema si usted está usando la versión gratuita, pero si cuenta con un serial por favor verifique la documentación en https://parzibyte.me/blog para saber cómo enviar la licencia en la petición
2024/05/15 16:59:48.407171 Error comprobando validez de licencia: el serial es una cadena vacía. Esto no es problema si usted está usando la versión gratuita, pero si cuenta con un serial por favor verifique la documentación en https://parzibyte.me/blog para saber cómo enviar la licencia en la petición
2024/05/15 17:05:10.318405 Error comprobando validez de licencia: el serial es una cadena vacía. Esto no es problema si usted está usando la versión gratuita, pero si cuenta con un serial por favor verifique la documentación en https://parzibyte.me/blog para saber cómo enviar la licencia en la petición
2024/05/15 17:10:27.544615 Error comprobando validez de licencia: el serial es una cadena vacía. Esto no es problema si usted está usando la versión gratuita, pero si cuenta con un serial por favor verifique la documentación en https://parzibyte.me/blog para saber cómo enviar la licencia en la petición
2024/05/15 17:12:37.175960 Error comprobando validez de licencia: el serial es una cadena vacía. Esto no es problema si usted está usando la versión gratuita, pero si cuenta con un serial por favor verifique la documentación en https://parzibyte.me/blog para saber cómo enviar la licencia en la petición
